[2m12:00:17 AM[22m [31m[1m[vite][22m[39m [31mInternal server error: C:\projects\gym-bag\src\components\Features.tsx: Unterminated JSX contents. (134:14)

[0m [90m 132 |[31m         [33m<[31m[33m/[31m[33mdiv[31m[33m>[31m
 [90m 133 |[31m       [33m<[31m[33m/[31m[33mdiv[31m[33m>[31m
[31m[1m>[22m[31m[90m 134 |[31m     [33m<[31m[33m/[31m[33msection[31m[33m>[31m
 [90m     |[31m               [31m[1m^[22m[31m
 [90m 135 |[31m   )[33m;[31m
 [90m 136 |[31m }[33m;[31m
 [90m 137 |[31m[0m[39m
  Plugin: [35mvite:react-babel[39m
  File: [36mC:/projects/gym-bag/src/components/Features.tsx[39m:134:14
[33m  132|          </div>
  133|        </div>
  134|      </section>
     |                ^
  135|    );
  136|  };[39m
      at constructor (C:\projects\gym-bag\node_modules\@babel\parser\lib\index.js:365:19)
      at TypeScriptParserMixin.raise (C:\projects\gym-bag\node_modules\@babel\parser\lib\index.js:6599:19)
      at TypeScriptParserMixin.jsxReadToken (C:\projects\gym-bag\node_modules\@babel\parser\lib\index.js:4448:20)
      at TypeScriptParserMixin.getTokenFromCode (C:\projects\gym-bag\node_modules\@babel\parser\lib\index.js:4774:12)
      at TypeScriptParserMixin.getTokenFromCode (C:\projects\gym-bag\node_modules\@babel\parser\lib\index.js:9987:11)
      at TypeScriptParserMixin.nextToken (C:\projects\gym-bag\node_modules\@babel\parser\lib\index.js:5782:10)
      at TypeScriptParserMixin.next (C:\projects\gym-bag\node_modules\@babel\parser\lib\index.js:5692:10)
      at TypeScriptParserMixin.eat (C:\projects\gym-bag\node_modules\@babel\parser\lib\index.js:5696:12)
      at TypeScriptParserMixin.expect (C:\projects\gym-bag\node_modules\@babel\parser\lib\index.js:6898:15)
      at TypeScriptParserMixin.jsxParseClosingElementAt (C:\projects\gym-bag\node_modules\@babel\parser\lib\index.js:4680:10)
      at TypeScriptParserMixin.jsxParseElementAt (C:\projects\gym-bag\node_modules\@babel\parser\lib\index.js:4695:37)
      at TypeScriptParserMixin.jsxParseElementAt (C:\projects\gym-bag\node_modules\@babel\parser\lib\index.js:4698:32)
      at TypeScriptParserMixin.jsxParseElementAt (C:\projects\gym-bag\node_modules\@babel\parser\lib\index.js:4698:32)
      at TypeScriptParserMixin.jsxParseElement (C:\projects\gym-bag\node_modules\@babel\parser\lib\index.js:4749:17)
      at TypeScriptParserMixin.parseExprAtom (C:\projects\gym-bag\node_modules\@babel\parser\lib\index.js:4759:19)
      at TypeScriptParserMixin.parseExprSubscripts (C:\projects\gym-bag\node_modules\@babel\parser\lib\index.js:11081:23)
      at TypeScriptParserMixin.parseUpdate (C:\projects\gym-bag\node_modules\@babel\parser\lib\index.js:11066:21)
      at TypeScriptParserMixin.parseMaybeUnary (C:\projects\gym-bag\node_modules\@babel\parser\lib\index.js:11046:23)
      at TypeScriptParserMixin.parseMaybeUnary (C:\projects\gym-bag\node_modules\@babel\parser\lib\index.js:9837:18)
      at TypeScriptParserMixin.parseMaybeUnaryOrPrivate (C:\projects\gym-bag\node_modules\@babel\parser\lib\index.js:10899:61)
      at TypeScriptParserMixin.parseExprOps (C:\projects\gym-bag\node_modules\@babel\parser\lib\index.js:10904:23)
      at TypeScriptParserMixin.parseMaybeConditional (C:\projects\gym-bag\node_modules\@babel\parser\lib\index.js:10881:23)
      at TypeScriptParserMixin.parseMaybeAssign (C:\projects\gym-bag\node_modules\@babel\parser\lib\index.js:10831:21)
      at C:\projects\gym-bag\node_modules\@babel\parser\lib\index.js:9775:39
      at TypeScriptParserMixin.tryParse (C:\projects\gym-bag\node_modules\@babel\parser\lib\index.js:6907:20)
      at TypeScriptParserMixin.parseMaybeAssign (C:\projects\gym-bag\node_modules\@babel\parser\lib\index.js:9775:18)
      at C:\projects\gym-bag\node_modules\@babel\parser\lib\index.js:10800:39
      at TypeScriptParserMixin.allowInAnd (C:\projects\gym-bag\node_modules\@babel\parser\lib\index.js:12426:12)
      at TypeScriptParserMixin.parseMaybeAssignAllowIn (C:\projects\gym-bag\node_modules\@babel\parser\lib\index.js:10800:17)
      at TypeScriptParserMixin.parseMaybeAssignAllowInOrVoidPattern (C:\projects\gym-bag\node_modules\@babel\parser\lib\index.js:12493:17)
      at TypeScriptParserMixin.parseParenAndDistinguishExpression (C:\projects\gym-bag\node_modules\@babel\parser\lib\index.js:11675:28)
      at TypeScriptParserMixin.parseExprAtom (C:\projects\gym-bag\node_modules\@babel\parser\lib\index.js:11331:23)
      at TypeScriptParserMixin.parseExprAtom (C:\projects\gym-bag\node_modules\@babel\parser\lib\index.js:4764:20)
      at TypeScriptParserMixin.parseExprSubscripts (C:\projects\gym-bag\node_modules\@babel\parser\lib\index.js:11081:23)
      at TypeScriptParserMixin.parseUpdate (C:\projects\gym-bag\node_modules\@babel\parser\lib\index.js:11066:21)
      at TypeScriptParserMixin.parseMaybeUnary (C:\projects\gym-bag\node_modules\@babel\parser\lib\index.js:11046:23)
      at TypeScriptParserMixin.parseMaybeUnary (C:\projects\gym-bag\node_modules\@babel\parser\lib\index.js:9837:18)
      at TypeScriptParserMixin.parseMaybeUnaryOrPrivate (C:\projects\gym-bag\node_modules\@babel\parser\lib\index.js:10899:61)
      at TypeScriptParserMixin.parseExprOps (C:\projects\gym-bag\node_modules\@babel\parser\lib\index.js:10904:23)
      at TypeScriptParserMixin.parseMaybeConditional (C:\projects\gym-bag\node_modules\@babel\parser\lib\index.js:10881:23)
      at TypeScriptParserMixin.parseMaybeAssign (C:\projects\gym-bag\node_modules\@babel\parser\lib\index.js:10831:21)
      at TypeScriptParserMixin.parseMaybeAssign (C:\projects\gym-bag\node_modules\@babel\parser\lib\index.js:9786:20)
      at TypeScriptParserMixin.parseExpressionBase (C:\projects\gym-bag\node_modules\@babel\parser\lib\index.js:10784:23)
      at C:\projects\gym-bag\node_modules\@babel\parser\lib\index.js:10780:39
      at TypeScriptParserMixin.allowInAnd (C:\projects\gym-bag\node_modules\@babel\parser\lib\index.js:12421:16)
      at TypeScriptParserMixin.parseExpression (C:\projects\gym-bag\node_modules\@babel\parser\lib\index.js:10780:17)
      at TypeScriptParserMixin.parseReturnStatement (C:\projects\gym-bag\node_modules\@babel\parser\lib\index.js:13142:28)
      at TypeScriptParserMixin.parseStatementContent (C:\projects\gym-bag\node_modules\@babel\parser\lib\index.js:12798:21)
      at TypeScriptParserMixin.parseStatementContent (C:\projects\gym-bag\node_modules\@babel\parser\lib\index.js:9508:18)
      at TypeScriptParserMixin.parseStatementLike (C:\projects\gym-bag\node_modules\@babel\parser\lib\index.js:12767:17)
